#
# A fatal error has been detected by the Java Runtime Environment:
#
#  SIGILL (0x4) at pc=0x00007fff9e3cfc7f, pid=88806, tid=0x000000000000dd03
#
# JRE version: Java(TM) SE Runtime Environment (8.0_101-b13) (build 1.8.0_101-b13)
# Java VM: Java HotSpot(TM) 64-Bit Server VM (25.101-b13 mixed mode bsd-amd64 compressed oops)
# Problematic frame:
# C  [libsystem_platform.dylib+0x4c7f]  _os_lock_corruption_abort+0x0
#
# Failed to write core dump. Core dumps have been disabled. To enable core dumping, try "ulimit -c unlimited" before starting Java again
#
# If you would like to submit a bug report, please visit:
#   http://bugreport.java.com/bugreport/crash.jsp
#

---------------  T H R E A D  ---------------

Current thread is native thread

siginfo: si_signo: 4 (SIGILL), si_code: 1 (ILL_ILLOPC), si_addr: 0x00007fff9e3cfc7f

Registers:
RAX=0x0000000000000019, RBX=0x0000000000018c00, RCX=0x00007fff99d7f06e, RDX=0x0000000000000001
RSP=0x0000700001584d58, RBP=0x0000700001584d90, RSI=0x0000000000000001, RDI=0x0000000000000000
R8 =0x0000000000000000, R9 =0x00007fffffe00044, R10=0x00000000ffffffff, R11=0x0000000000000246
R12=0x0000000000000000, R13=0x00000000ffffffff, R14=0x0000000000000001, R15=0x00007fa3e1db7160
RIP=0x00007fff9e3cfc7f, EFLAGS=0x0000000000010213, ERR=0x0000000000000000
  TRAPNO=0x0000000000000006

Top of Stack: (sp=0x0000700001584d58)
0x0000700001584d58:   00007fff9e3ccdf7 00000000ffffffff
0x0000700001584d68:   00007fa3e1db7150 0000000000000000
0x0000700001584d78:   0700e3f532054c61 00007fa3e1db7160
0x0000700001584d88:   0000000124e4b920 0000700001584dc0
0x0000700001584d98:   00007fff9c6829eb 0000000128d45bf8
0x0000700001584da8:   0000000128da3ea0 0000000128d45be0
0x0000700001584db8:   00000001294bd000 0000700001584f40
0x0000700001584dc8:   00007fff9c681dd9 0000000000000000
0x0000700001584dd8:   0000000000000000 0000000128d48918
0x0000700001584de8:   0000000128da3fd0 0000700001584e10
0x0000700001584df8:   00007fff9c7865e0 0000000000000001
0x0000700001584e08:   00007fff00000000 4130f89a64227701
0x0000700001584e18:   0000000000000000 0000000128da3ea0
0x0000700001584e28:   3f80000001585418 0000000000000000
0x0000700001584e38:   0000700001585980 0000000128d45be8
0x0000700001584e48:   000070000000000a 0000000128d48880
0x0000700001584e58:   0000000124d25900 00007000015851e0
0x0000700001584e68:   00007fff9c62cd90 0000000000000000
0x0000700001584e78:   0000000000000000 00007000015851f0
0x0000700001584e88:   0000000000000000 0000700001585040
0x0000700001584e98:   8180200101800000 00007000015854c4
0x0000700001584ea8:   0000000100000000 0000172a00000003
0x0000700001584eb8:   000002000000000d 00000000000001ea
0x0000700001584ec8:   0000000000000000 0000000000000000
0x0000700001584ed8:   0000000124e4b920 4130f89a5677156d
0x0000700001584ee8:   0000000000000000 4080000000000000
0x0000700001584ef8:   407ea00000000000 0700e3f532054c61
0x0000700001584f08:   0000700001585980 0700e3f532054c61
0x0000700001584f18:   0000000128f46940 00007000015851a0
0x0000700001584f28:   0000000000000000 0000000124d25800
0x0000700001584f38:   0000000128d45be0 00007000015850b0
0x0000700001584f48:   00007fff9c623c12 0000000000000004 

Instructions: (pc=0x00007fff9e3cfc7f)
0x00007fff9e3cfc5f:   90 c3 48 85 f6 74 18 0f ae f0 0f ae 7c 37 ff 0f
0x00007fff9e3cfc6f:   ae 3f 48 83 c7 40 48 83 ee 40 77 f3 0f ae f0 c3
0x00007fff9e3cfc7f:   0f 0b b9 ff ff ff ff 31 c0 f0 0f b1 0f 0f 94 c0
0x00007fff9e3cfc8f:   0f b6 c0 c3 b9 ff ff ff ff 31 c0 f0 0f b1 4f 08 

Register to memory mapping:

RAX=0x0000000000000019 is an unknown value
RBX=0x0000000000018c00 is an unknown value
RCX=0x00007fff99d7f06e: syscall_thread_switch+0xa in /usr/lib/system/libsystem_kernel.dylib at 0x00007fff99d6e000
RDX=0x0000000000000001 is an unknown value
RSP=0x0000700001584d58 is an unknown value
RBP=0x0000700001584d90 is an unknown value
RSI=0x0000000000000001 is an unknown value
RDI=0x0000000000000000 is an unknown value
R8 =0x0000000000000000 is an unknown value
R9 =0x00007fffffe00044 is an unknown value
R10=0x00000000ffffffff is an unknown value
R11=0x0000000000000246 is an unknown value
R12=0x0000000000000000 is an unknown value
R13=0x00000000ffffffff is an unknown value
R14=0x0000000000000001 is an unknown value
R15=0x00007fa3e1db7160 is an unknown value


Stack: [0x0000700001507000,0x0000700001587000],  sp=0x0000700001584d58,  free space=503k
Native frames: (J=compiled Java code, j=interpreted, Vv=VM code, C=native code)
C  [libsystem_platform.dylib+0x4c7f]  _os_lock_corruption_abort+0x0
C  [QuartzCore+0x949eb]  CAImageQueueCopyTexture+0x27
C  [QuartzCore+0x93dd9]  _ZN2CA6Render10ImageQueue6updateEPNS0_7ContextES3_dfPN1X4ListIPNS0_6TimingEEEPNS0_6UpdateE+0x527
C  [QuartzCore+0x35c12]  _ZN2CA6Render7Updater14prepare_layer0ERNS1_11GlobalStateEPNS0_9LayerNodeEPNS0_5LayerERNS1_11LocalState0Ej+0x44f
C  [QuartzCore+0xe3037]  _ZN2CA6Render7Updater17prepare_sublayer0ERNS1_11GlobalStateERNS1_11LocalState0EPNS0_5LayerE+0x7c
C  [QuartzCore+0x3675a]  _ZN2CA6Render7Updater14prepare_layer0ERNS1_11GlobalStateEPNS0_9LayerNodeEPNS0_5LayerERNS1_11LocalState0Ej+0xf97
C  [QuartzCore+0x361dc]  _ZN2CA6Render7Updater14prepare_layer0ERNS1_11GlobalStateEPNS0_9LayerNodeEPNS0_5LayerERNS1_11LocalState0Ej+0xa19
C  [QuartzCore+0xe3037]  _ZN2CA6Render7Updater17prepare_sublayer0ERNS1_11GlobalStateERNS1_11LocalState0EPNS0_5LayerE+0x7c
C  [QuartzCore+0x3675a]  _ZN2CA6Render7Updater14prepare_layer0ERNS1_11GlobalStateEPNS0_9LayerNodeEPNS0_5LayerERNS1_11LocalState0Ej+0xf97
C  [QuartzCore+0x353eb]  _ZN2CA6Render6Update11add_contextEPNS0_7ContextEPNS0_5LayerEPKNS_9TransformE+0x42f
C  [QuartzCore+0x32c60]  _ZL9view_drawP7_CAViewdPK11CVTimeStampb+0x824
C  [QuartzCore+0x32409]  _ZL17view_display_linkdPK11CVTimeStampPv+0x96
C  [QuartzCore+0x322cb]  link_callback+0xed
C  [CoreVideo+0x83ba]  _ZN13CVDisplayLink9performIOEP11CVTimeStamp+0x102
C  [CoreVideo+0x7f45]  _ZN13CVDisplayLink11runIOThreadEv+0x273
C  [CoreVideo+0x79a9]  _ZL13startIOThreadPv+0x93
C  [libsystem_pthread.dylib+0x399d]  _pthread_body+0x83
C  [libsystem_pthread.dylib+0x391a]  _pthread_body+0x0
C  [libsystem_pthread.dylib+0x1351]  thread_start+0xd


---------------  P R O C E S S  ---------------

VM state:not at safepoint (normal execution)

VM Mutex/Monitor currently owned by a thread: None

Heap:
 PSYoungGen      total 18944K, used 12699K [0x00000007aab00000, 0x00000007ac000000, 0x00000007c0000000)
  eden space 16384K, 62% used [0x00000007aab00000,0x00000007ab4ecfe8,0x00000007abb00000)
  from space 2560K, 99% used [0x00000007abb00000,0x00000007abd79da0,0x00000007abd80000)
  to   space 2560K, 0% used [0x00000007abd80000,0x00000007abd80000,0x00000007ac000000)
 ParOldGen       total 44032K, used 769K [0x0000000780000000, 0x0000000782b00000, 0x00000007aab00000)
  object space 44032K, 1% used [0x0000000780000000,0x00000007800c0738,0x0000000782b00000)
 Metaspace       used 14118K, capacity 14310K, committed 14464K, reserved 1062912K
  class space    used 1518K, capacity 1566K, committed 1664K, reserved 1048576K

Card table byte_map: [0x000000011e55d000,0x000000011e75e000] byte_map_base: 0x000000011a95d000

Marking Bits: (ParMarkBitMap*) 0x000000010eaedd20
 Begin Bits: [0x000000011e8b4000, 0x000000011f8b4000)
 End Bits:   [0x000000011f8b4000, 0x00000001208b4000)

Polling page: 0x000000010cbc8000

CodeCache: size=245760Kb used=4030Kb max_used=4044Kb free=241729Kb
 bounds [0x000000010f19d000, 0x000000010f59d000, 0x000000011e19d000]
 total_blobs=1813 nmethods=1078 adapters=649
 compilation: enabled

Compilation events (10 events):
Event: 95.091 Thread 0x00007fa3e2826000 nmethod 1074 0x000000010f55c910 code [0x000000010f55ca60, 0x000000010f55cb18]
Event: 95.098 Thread 0x00007fa3e2826000 1075       4       jogamp.opengl.GLContextImpl::release (6 bytes)
Event: 95.100 Thread 0x00007fa3e2826000 nmethod 1075 0x000000010f577dd0 code [0x000000010f577f20, 0x000000010f577fa8]
Event: 95.100 Thread 0x00007fa3e2826000 1076       4       jogamp.opengl.macosx.cgl.MacOSXOnscreenCGLContext::makeCurrentImpl (9 bytes)
Event: 95.110 Thread 0x00007fa3e2826000 nmethod 1076 0x000000010f588d90 code [0x000000010f588f60, 0x000000010f589330]
Event: 95.118 Thread 0x00007fa3e280c800 nmethod 1069 0x000000010f58e090 code [0x000000010f58e3a0, 0x000000010f58f6e8]
Event: 97.375 Thread 0x00007fa3e2826000 1077       4       jogamp.opengl.awt.AWTThreadingPlugin::isOpenGLThread (119 bytes)
Event: 97.376 Thread 0x00007fa3e280c800 1078   !   4       jogamp.opengl.GLDrawableImpl::swapBuffers (140 bytes)
Event: 97.392 Thread 0x00007fa3e2826000 nmethod 1077 0x000000010f58af90 code [0x000000010f58b1a0, 0x000000010f58b8f0]
Event: 97.426 Thread 0x00007fa3e280c800 nmethod 1078 0x000000010f594810 code [0x000000010f594ae0, 0x000000010f5956e0]

GC Heap History (2 events):
Event: 1.461 GC heap before
{Heap before GC invocations=1 (full 0):
 PSYoungGen      total 18944K, used 16384K [0x00000007aab00000, 0x00000007ac000000, 0x00000007c0000000)
  eden space 16384K, 100% used [0x00000007aab00000,0x00000007abb00000,0x00000007abb00000)
  from space 2560K, 0% used [0x00000007abd80000,0x00000007abd80000,0x00000007ac000000)
  to   space 2560K, 0% used [0x00000007abb00000,0x00000007abb00000,0x00000007abd80000)
 ParOldGen       total 44032K, used 0K [0x0000000780000000, 0x0000000782b00000, 0x00000007aab00000)
  object space 44032K, 0% used [0x0000000780000000,0x0000000780000000,0x0000000782b00000)
 Metaspace       used 12380K, capacity 12608K, committed 12672K, reserved 1060864K
  class space    used 1316K, capacity 1405K, committed 1408K, reserved 1048576K
Event: 1.469 GC heap after
Heap after GC invocations=1 (full 0):
 PSYoungGen      total 18944K, used 2535K [0x00000007aab00000, 0x00000007ac000000, 0x00000007c0000000)
  eden space 16384K, 0% used [0x00000007aab00000,0x00000007aab00000,0x00000007abb00000)
  from space 2560K, 99% used [0x00000007abb00000,0x00000007abd79da0,0x00000007abd80000)
  to   space 2560K, 0% used [0x00000007abd80000,0x00000007abd80000,0x00000007ac000000)
 ParOldGen       total 44032K, used 769K [0x0000000780000000, 0x0000000782b00000, 0x00000007aab00000)
  object space 44032K, 1% used [0x0000000780000000,0x00000007800c0738,0x0000000782b00000)
 Metaspace       used 12380K, capacity 12608K, committed 12672K, reserved 1060864K
  class space    used 1316K, capacity 1405K, committed 1408K, reserved 1048576K
}

Deoptimization events (4 events):
Event: 0.739 Thread 0x00007fa3e3003800 Uncommon trap: reason=unstable_if action=reinterpret pc=0x000000010f3655d8 method=java.lang.String.indexOf([CII[CIII)I @ 3
Event: 102.506 Thread 0x00007fa3e39c8000 Uncommon trap: reason=speculate_class_check action=maybe_recompile pc=0x000000010f5650b8 method=java.awt.EventQueue.coalesceEvent(Ljava/awt/AWTEvent;I)Z @ 53
Event: 102.507 Thread 0x00007fa3e39c8000 Uncommon trap: reason=unstable_if action=reinterpret pc=0x000000010f58b7d0 method=java.awt.EventQueue.isDispatchThreadImpl()Z @ 65
Event: 102.510 Thread 0x00007fa3e22db800 Uncommon trap: reason=unstable_if action=reinterpret pc=0x000000010f552ff0 method=java.util.TaskQueue.isEmpty()Z @ 4

Internal exceptions (10 events):
Event: 0.048 Thread 0x00007fa3e3003800 Exception <a 'java/lang/NoSuchMethodError': Method sun.misc.Unsafe.defineClass(Ljava/lang/String;[BII)Ljava/lang/Class; name or signature does not match> (0x00000007aab07cc0) thrown at [/HUDSON3/workspace/8-2-build-macosx-x86_64/jdk8u101/7261/hotspot/src/
Event: 0.048 Thread 0x00007fa3e3003800 Exception <a 'java/lang/NoSuchMethodError': Method sun.misc.Unsafe.prefetchRead(Ljava/lang/Object;J)V name or signature does not match> (0x00000007aab07fa8) thrown at [/HUDSON3/workspace/8-2-build-macosx-x86_64/jdk8u101/7261/hotspot/src/share/vm/prims/jni
Event: 0.199 Thread 0x00007fa3e3003800 Exception <a 'java/security/PrivilegedActionException'> (0x00000007aac8c158) thrown at [/HUDSON3/workspace/8-2-build-macosx-x86_64/jdk8u101/7261/hotspot/src/share/vm/prims/jvm.cpp, line 1386]
Event: 0.199 Thread 0x00007fa3e3003800 Exception <a 'java/security/PrivilegedActionException'> (0x00000007aac8c368) thrown at [/HUDSON3/workspace/8-2-build-macosx-x86_64/jdk8u101/7261/hotspot/src/share/vm/prims/jvm.cpp, line 1386]
Event: 0.199 Thread 0x00007fa3e3003800 Exception <a 'java/security/PrivilegedActionException'> (0x00000007aac8f670) thrown at [/HUDSON3/workspace/8-2-build-macosx-x86_64/jdk8u101/7261/hotspot/src/share/vm/prims/jvm.cpp, line 1386]
Event: 0.199 Thread 0x00007fa3e3003800 Exception <a 'java/security/PrivilegedActionException'> (0x00000007aac8f880) thrown at [/HUDSON3/workspace/8-2-build-macosx-x86_64/jdk8u101/7261/hotspot/src/share/vm/prims/jvm.cpp, line 1386]
Event: 0.268 Thread 0x00007fa3e3003800 Exception <a 'java/lang/NoSuchFieldError': method resolution failed> (0x00000007aad5d1d0) thrown at [/HUDSON3/workspace/8-2-build-macosx-x86_64/jdk8u101/7261/hotspot/src/share/vm/prims/methodHandles.cpp, line 1146]
Event: 0.271 Thread 0x00007fa3e3003800 Exception <a 'java/lang/NoSuchFieldError': method resolution failed> (0x00000007aad6a9a0) thrown at [/HUDSON3/workspace/8-2-build-macosx-x86_64/jdk8u101/7261/hotspot/src/share/vm/prims/methodHandles.cpp, line 1146]
Event: 0.498 Thread 0x00007fa3e3003800 Exception <a 'java/io/FileNotFoundException'> (0x00000007aade5178) thrown at [/HUDSON3/workspace/8-2-build-macosx-x86_64/jdk8u101/7261/hotspot/src/share/vm/prims/jni.cpp, line 709]
Event: 0.498 Thread 0x00007fa3e3003800 Exception <a 'java/io/FileNotFoundException'> (0x00000007aade5ce0) thrown at [/HUDSON3/workspace/8-2-build-macosx-x86_64/jdk8u101/7261/hotspot/src/share/vm/prims/jni.cpp, line 709]

Events (10 events):
Event: 91.840 loading class java/security/DomainCombiner done
Event: 102.506 Thread 0x00007fa3e39c8000 Uncommon trap: trap_request=0xffffff76 fr.pc=0x000000010f5650b8
Event: 102.507 Thread 0x00007fa3e39c8000 DEOPT PACKING pc=0x000000010f5650b8 sp=0x0000700001709590
Event: 102.507 Thread 0x00007fa3e39c8000 DEOPT UNPACKING pc=0x000000010f1a2229 sp=0x0000700001709440 mode 2
Event: 102.507 Thread 0x00007fa3e39c8000 Uncommon trap: trap_request=0xffffff65 fr.pc=0x000000010f58b7d0
Event: 102.507 Thread 0x00007fa3e39c8000 DEOPT PACKING pc=0x000000010f58b7d0 sp=0x0000700001707910
Event: 102.507 Thread 0x00007fa3e39c8000 DEOPT UNPACKING pc=0x000000010f1a2229 sp=0x0000700001707808 mode 2
Event: 102.510 Thread 0x00007fa3e22db800 Uncommon trap: trap_request=0xffffff65 fr.pc=0x000000010f552ff0
Event: 102.510 Thread 0x00007fa3e22db800 DEOPT PACKING pc=0x000000010f552ff0 sp=0x000070000180c7f0
Event: 102.510 Thread 0x00007fa3e22db800 DEOPT UNPACKING pc=0x000000010f1a2229 sp=0x000070000180c7a8 mode 2


Dynamic libraries:
0x0000000008789000 	/System/Library/Frameworks/Cocoa.framework/Versions/A/Cocoa
0x000000010cbc9000 	/System/Library/Frameworks/Security.framework/Versions/A/Security
0x0000000008789000 	/System/Library/Frameworks/ApplicationServices.framework/Versions/A/ApplicationServices
0x0000000008789000 	/usr/lib/libz.1.dylib
0x0000000008789000 	/usr/lib/libSystem.B.dylib
0x0000000008789000 	/usr/lib/libobjc.A.dylib
0x0000000008789000 	/System/Library/Frameworks/CoreFoundation.framework/Versions/A/CoreFoundation
0x0000000008789000 	/System/Library/Frameworks/Foundation.framework/Versions/C/Foundation
0x0000000008789000 	/System/Library/Frameworks/AppKit.framework/Versions/C/AppKit
0x0000000008789000 	/System/Library/Frameworks/CoreData.framework/Versions/A/CoreData
0x0000000008789000 	/System/Library/PrivateFrameworks/RemoteViewServices.framework/Versions/A/RemoteViewServices
0x0000000008789000 	/System/Library/PrivateFrameworks/UIFoundation.framework/Versions/A/UIFoundation
0x0000000008789000 	/usr/lib/libScreenReader.dylib
0x0000000008789000 	/System/Library/Frameworks/Accelerate.framework/Versions/A/Accelerate
0x0000000008789000 	/System/Library/Frameworks/IOSurface.framework/Versions/A/IOSurface
0x0000000008789000 	/System/Library/Frameworks/AudioToolbox.framework/Versions/A/AudioToolbox
0x0000000008789000 	/System/Library/Frameworks/AudioUnit.framework/Versions/A/AudioUnit
0x0000000008789000 	/System/Library/PrivateFrameworks/DataDetectorsCore.framework/Versions/A/DataDetectorsCore
0x0000000008789000 	/System/Library/PrivateFrameworks/DesktopServicesPriv.framework/Versions/A/DesktopServicesPriv
0x0000000008789000 	/System/Library/Frameworks/Carbon.framework/Versions/A/Frameworks/HIToolbox.framework/Versions/A/HIToolbox
0x0000000008789000 	/System/Library/Frameworks/QuartzCore.framework/Versions/A/QuartzCore
0x0000000008789000 	/System/Library/Frameworks/Carbon.framework/Versions/A/Frameworks/SpeechRecognition.framework/Versions/A/SpeechRecognition
0x0000000008789000 	/usr/lib/libauto.dylib
0x0000000008789000 	/usr/lib/libicucore.A.dylib
0x0000000008789000 	/usr/lib/libxml2.2.dylib
0x0000000008789000 	/System/Library/PrivateFrameworks/CoreUI.framework/Versions/A/CoreUI
0x0000000008789000 	/System/Library/Frameworks/CoreAudio.framework/Versions/A/CoreAudio
0x0000000008789000 	/System/Library/Frameworks/DiskArbitration.framework/Versions/A/DiskArbitration
0x0000000008789000 	/usr/lib/liblangid.dylib
0x0000000008789000 	/System/Library/PrivateFrameworks/MultitouchSupport.framework/Versions/A/MultitouchSupport
0x0000000008789000 	/System/Library/Frameworks/IOKit.framework/Versions/A/IOKit
0x0000000008789000 	/usr/lib/libDiagnosticMessagesClient.dylib
0x0000000008789000 	/System/Library/Frameworks/CoreServices.framework/Versions/A/CoreServices
0x0000000008789000 	/System/Library/PrivateFrameworks/PerformanceAnalysis.framework/Versions/A/PerformanceAnalysis
0x0000000008789000 	/System/Library/PrivateFrameworks/GenerationalStorage.framework/Versions/A/GenerationalStorage
0x0000000008789000 	/System/Library/Frameworks/OpenGL.framework/Versions/A/OpenGL
0x0000000008789000 	/System/Library/PrivateFrameworks/Sharing.framework/Versions/A/Sharing
0x0000000008789000 	/System/Library/Frameworks/CoreGraphics.framework/Versions/A/CoreGraphics
0x0000000008789000 	/System/Library/Frameworks/CoreImage.framework/Versions/A/CoreImage
0x0000000008789000 	/System/Library/Frameworks/CoreText.framework/Versions/A/CoreText
0x0000000008789000 	/System/Library/Frameworks/ImageIO.framework/Versions/A/ImageIO
0x0000000008789000 	/System/Library/PrivateFrameworks/Backup.framework/Versions/A/Backup
0x0000000008789000 	/usr/lib/libextension.dylib
0x0000000008789000 	/usr/lib/libarchive.2.dylib
0x000000010cfe7000 	/System/Library/Frameworks/CFNetwork.framework/Versions/A/CFNetwork
0x0000000008789000 	/System/Library/Frameworks/SystemConfiguration.framework/Versions/A/SystemConfiguration
0x0000000008789000 	/usr/lib/libCRFSuite.dylib
0x0000000008789000 	/usr/lib/libc++.1.dylib
0x0000000008789000 	/usr/lib/libc++abi.dylib
0x0000000008789000 	/usr/lib/system/libcache.dylib
0x0000000008789000 	/usr/lib/system/libcommonCrypto.dylib
0x0000000008789000 	/usr/lib/system/libcompiler_rt.dylib
0x0000000008789000 	/usr/lib/system/libcopyfile.dylib
0x0000000008789000 	/usr/lib/system/libcorecrypto.dylib
0x0000000008789000 	/usr/lib/system/libdispatch.dylib
0x0000000008789000 	/usr/lib/system/libdyld.dylib
0x0000000008789000 	/usr/lib/system/libkeymgr.dylib
0x000000010d45d000 	/usr/lib/system/liblaunch.dylib
0x0000000008789000 	/usr/lib/system/libmacho.dylib
0x0000000008789000 	/usr/lib/system/libquarantine.dylib
0x0000000008789000 	/usr/lib/system/libremovefile.dylib
0x0000000008789000 	/usr/lib/system/libsystem_asl.dylib
0x0000000008789000 	/usr/lib/system/libsystem_blocks.dylib
0x0000000008789000 	/usr/lib/system/libsystem_c.dylib
0x0000000008789000 	/usr/lib/system/libsystem_configuration.dylib
0x0000000008789000 	/usr/lib/system/libsystem_coreservices.dylib
0x0000000008789000 	/usr/lib/system/libsystem_coretls.dylib
0x0000000008789000 	/usr/lib/system/libsystem_dnssd.dylib
0x0000000008789000 	/usr/lib/system/libsystem_info.dylib
0x0000000008789000 	/usr/lib/system/libsystem_kernel.dylib
0x0000000008789000 	/usr/lib/system/libsystem_m.dylib
0x0000000008789000 	/usr/lib/system/libsystem_malloc.dylib
0x0000000008789000 	/usr/lib/system/libsystem_network.dylib
0x0000000008789000 	/usr/lib/system/libsystem_networkextension.dylib
0x0000000008789000 	/usr/lib/system/libsystem_notify.dylib
0x0000000008789000 	/usr/lib/system/libsystem_platform.dylib
0x0000000008789000 	/usr/lib/system/libsystem_pthread.dylib
0x000000010d466000 	/usr/lib/system/libsystem_sandbox.dylib
0x0000000008789000 	/usr/lib/system/libsystem_secinit.dylib
0x0000000008789000 	/usr/lib/system/libsystem_trace.dylib
0x0000000008789000 	/usr/lib/system/libunc.dylib
0x0000000008789000 	/usr/lib/system/libunwind.dylib
0x000000010d473000 	/usr/lib/system/libxpc.dylib
0x0000000008789000 	/usr/lib/libenergytrace.dylib
0x0000000008789000 	/usr/lib/libbsm.0.dylib
0x0000000008789000 	/usr/lib/system/libkxld.dylib
0x0000000008789000 	/usr/lib/libxar.1.dylib
0x000000010d4c2000 	/usr/lib/libsqlite3.dylib
0x0000000008789000 	/usr/lib/libpam.2.dylib
0x0000000008789000 	/usr/lib/libOpenScriptingUtil.dylib
0x0000000008789000 	/usr/lib/libbz2.1.0.dylib
0x0000000008789000 	/usr/lib/liblzma.5.dylib
0x0000000008789000 	/System/Library/Frameworks/CoreServices.framework/Versions/A/Frameworks/FSEvents.framework/Versions/A/FSEvents
0x0000000008789000 	/System/Library/Frameworks/CoreServices.framework/Versions/A/Frameworks/CarbonCore.framework/Versions/A/CarbonCore
0x0000000008789000 	/System/Library/Frameworks/CoreServices.framework/Versions/A/Frameworks/Metadata.framework/Versions/A/Metadata
0x0000000008789000 	/System/Library/Frameworks/CoreServices.framework/Versions/A/Frameworks/OSServices.framework/Versions/A/OSServices
0x0000000008789000 	/System/Library/Frameworks/CoreServices.framework/Versions/A/Frameworks/SearchKit.framework/Versions/A/SearchKit
0x0000000008789000 	/System/Library/Frameworks/CoreServices.framework/Versions/A/Frameworks/AE.framework/Versions/A/AE
0x0000000008789000 	/System/Library/Frameworks/CoreServices.framework/Versions/A/Frameworks/LaunchServices.framework/Versions/A/LaunchServices
0x0000000008789000 	/System/Library/Frameworks/CoreServices.framework/Versions/A/Frameworks/DictionaryServices.framework/Versions/A/DictionaryServices
0x0000000008789000 	/System/Library/Frameworks/CoreServices.framework/Versions/A/Frameworks/SharedFileList.framework/Versions/A/SharedFileList
0x0000000008789000 	/System/Library/Frameworks/NetFS.framework/Versions/A/NetFS
0x0000000008789000 	/System/Library/PrivateFrameworks/NetAuth.framework/Versions/A/NetAuth
0x0000000008789000 	/System/Library/PrivateFrameworks/login.framework/Versions/A/Frameworks/loginsupport.framework/Versions/A/loginsupport
0x0000000008789000 	/System/Library/PrivateFrameworks/TCC.framework/Versions/A/TCC
0x0000000008789000 	/usr/lib/libmecabra.dylib
0x0000000008789000 	/System/Library/Frameworks/ApplicationServices.framework/Versions/A/Frameworks/ATS.framework/Versions/A/ATS
0x0000000008789000 	/System/Library/Frameworks/ApplicationServices.framework/Versions/A/Frameworks/ColorSync.framework/Versions/A/ColorSync
0x0000000008789000 	/System/Library/Frameworks/ApplicationServices.framework/Versions/A/Frameworks/HIServices.framework/Versions/A/HIServices
0x0000000008789000 	/System/Library/Frameworks/ApplicationServices.framework/Versions/A/Frameworks/LangAnalysis.framework/Versions/A/LangAnalysis
0x0000000008789000 	/System/Library/Frameworks/ApplicationServices.framework/Versions/A/Frameworks/PrintCore.framework/Versions/A/PrintCore
0x0000000008789000 	/System/Library/Frameworks/ApplicationServices.framework/Versions/A/Frameworks/QD.framework/Versions/A/QD
0x0000000008789000 	/System/Library/Frameworks/ApplicationServices.framework/Versions/A/Frameworks/SpeechSynthesis.framework/Versions/A/SpeechSynthesis
0x0000000008789000 	/System/Library/Frameworks/Metal.framework/Versions/A/Metal
0x0000000008789000 	/System/Library/Frameworks/Accelerate.framework/Versions/A/Frameworks/vImage.framework/Versions/A/vImage
0x0000000008789000 	/System/Library/Frameworks/Accelerate.framework/Versions/A/Frameworks/vecLib.framework/Versions/A/vecLib
0x0000000008789000 	/System/Library/Frameworks/Accelerate.framework/Versions/A/Frameworks/vecLib.framework/Versions/A/libvDSP.dylib
0x0000000008789000 	/System/Library/Frameworks/Accelerate.framework/Versions/A/Frameworks/vecLib.framework/Versions/A/libvMisc.dylib
0x0000000008789000 	/System/Library/Frameworks/Accelerate.framework/Versions/A/Frameworks/vecLib.framework/Versions/A/libLAPACK.dylib
0x0000000008789000 	/System/Library/Frameworks/Accelerate.framework/Versions/A/Frameworks/vecLib.framework/Versions/A/libBLAS.dylib
0x0000000008789000 	/System/Library/Frameworks/Accelerate.framework/Versions/A/Frameworks/vecLib.framework/Versions/A/libLinearAlgebra.dylib
0x0000000008789000 	/System/Library/Frameworks/Accelerate.framework/Versions/A/Frameworks/vecLib.framework/Versions/A/libSparseBLAS.dylib
0x0000000008789000 	/System/Library/PrivateFrameworks/GPUCompiler.framework/libmetal_timestamp.dylib
0x0000000008789000 	/System/Library/Frameworks/OpenGL.framework/Versions/A/Libraries/libCoreFSCache.dylib
0x0000000008789000 	/System/Library/PrivateFrameworks/IOAccelerator.framework/Versions/A/IOAccelerator
0x0000000008789000 	/System/Library/Frameworks/ApplicationServices.framework/Versions/A/Frameworks/ATS.framework/Versions/A/Resources/libFontParser.dylib
0x0000000008789000 	/System/Library/Frameworks/ApplicationServices.framework/Versions/A/Frameworks/ATS.framework/Versions/A/Resources/libFontRegistry.dylib
0x0000000008789000 	/System/Library/PrivateFrameworks/AppleVPA.framework/Versions/A/AppleVPA
0x0000000008789000 	/System/Library/PrivateFrameworks/AppleJPEG.framework/Versions/A/AppleJPEG
0x0000000008789000 	/System/Library/Frameworks/ImageIO.framework/Versions/A/Resources/libJPEG.dylib
0x0000000008789000 	/System/Library/Frameworks/ImageIO.framework/Versions/A/Resources/libTIFF.dylib
0x0000000008789000 	/System/Library/Frameworks/ImageIO.framework/Versions/A/Resources/libPng.dylib
0x0000000008789000 	/System/Library/Frameworks/ImageIO.framework/Versions/A/Resources/libGIF.dylib
0x0000000008789000 	/System/Library/Frameworks/ImageIO.framework/Versions/A/Resources/libJP2.dylib
0x0000000008789000 	/System/Library/Frameworks/ImageIO.framework/Versions/A/Resources/libRadiance.dylib
0x0000000008789000 	/System/Library/Frameworks/CoreVideo.framework/Versions/A/CoreVideo
0x0000000008789000 	/System/Library/Frameworks/OpenGL.framework/Versions/A/Libraries/libGLU.dylib
0x0000000008789000 	/System/Library/Frameworks/OpenGL.framework/Versions/A/Libraries/libGFXShared.dylib
0x0000000008789000 	/System/Library/Frameworks/OpenGL.framework/Versions/A/Libraries/libGL.dylib
0x0000000008789000 	/System/Library/Frameworks/OpenGL.framework/Versions/A/Libraries/libGLImage.dylib
0x0000000008789000 	/System/Library/Frameworks/OpenGL.framework/Versions/A/Libraries/libCVMSPluginSupport.dylib
0x0000000008789000 	/System/Library/Frameworks/OpenGL.framework/Versions/A/Libraries/libCoreVMClient.dylib
0x0000000008789000 	/usr/lib/libcompression.dylib
0x0000000008789000 	/usr/lib/libcups.2.dylib
0x0000000008789000 	/System/Library/Frameworks/Kerberos.framework/Versions/A/Kerberos
0x0000000008789000 	/System/Library/Frameworks/GSS.framework/Versions/A/GSS
0x0000000008789000 	/usr/lib/libresolv.9.dylib
0x0000000008789000 	/usr/lib/libiconv.2.dylib
0x0000000008789000 	/System/Library/PrivateFrameworks/Heimdal.framework/Versions/A/Heimdal
0x0000000008789000 	/usr/lib/libheimdal-asn1.dylib
0x0000000008789000 	/System/Library/Frameworks/OpenDirectory.framework/Versions/A/OpenDirectory
0x0000000008789000 	/System/Library/PrivateFrameworks/CommonAuth.framework/Versions/A/CommonAuth
0x0000000008789000 	/System/Library/Frameworks/OpenDirectory.framework/Versions/A/Frameworks/CFOpenDirectory.framework/Versions/A/CFOpenDirectory
0x0000000008789000 	/System/Library/Frameworks/SecurityFoundation.framework/Versions/A/SecurityFoundation
0x0000000008789000 	/System/Library/PrivateFrameworks/LanguageModeling.framework/Versions/A/LanguageModeling
0x0000000008789000 	/usr/lib/libmarisa.dylib
0x0000000008789000 	/usr/lib/libChineseTokenizer.dylib
0x0000000008789000 	/usr/lib/libcmph.dylib
0x000000010d606000 	/System/Library/Frameworks/ServiceManagement.framework/Versions/A/ServiceManagement
0x0000000008789000 	/usr/lib/libxslt.1.dylib
0x0000000008789000 	/System/Library/Frameworks/Carbon.framework/Versions/A/Frameworks/Ink.framework/Versions/A/Ink
0x0000000008789000 	/usr/lib/libFosl_dynamic.dylib
0x0000000008789000 	/System/Library/PrivateFrameworks/FaceCore.framework/Versions/A/FaceCore
0x0000000008789000 	/System/Library/Frameworks/OpenCL.framework/Versions/A/OpenCL
0x0000000008789000 	/System/Library/PrivateFrameworks/CrashReporterSupport.framework/Versions/A/CrashReporterSupport
0x0000000008789000 	/System/Library/PrivateFrameworks/IconServices.framework/Versions/A/IconServices
0x0000000008789000 	/System/Library/PrivateFrameworks/Apple80211.framework/Versions/A/Apple80211
0x0000000008789000 	/System/Library/Frameworks/CoreWLAN.framework/Versions/A/CoreWLAN
0x0000000008789000 	/System/Library/Frameworks/IOBluetooth.framework/Versions/A/IOBluetooth
0x0000000008789000 	/System/Library/PrivateFrameworks/CoreWiFi.framework/Versions/A/CoreWiFi
0x0000000008789000 	/System/Library/Frameworks/CoreBluetooth.framework/Versions/A/CoreBluetooth
0x0000000008789000 	/System/Library/PrivateFrameworks/ChunkingLibrary.framework/Versions/A/ChunkingLibrary
0x0000000008789000 	/System/Library/PrivateFrameworks/DebugSymbols.framework/Versions/A/DebugSymbols
0x0000000008789000 	/System/Library/PrivateFrameworks/CoreSymbolication.framework/Versions/A/CoreSymbolication
0x0000000008789000 	/System/Library/PrivateFrameworks/Symbolication.framework/Versions/A/Symbolication
0x0000000008789000 	/System/Library/PrivateFrameworks/SpeechRecognitionCore.framework/Versions/A/SpeechRecognitionCore
0x000000010e200000 	/Library/Java/JavaVirtualMachines/jdk1.8.0_101.jdk/Contents/Home/jre/lib/server/libjvm.dylib
0x000000010d86b000 	/usr/lib/libstdc++.6.dylib
0x000000010d922000 	/Library/Java/JavaVirtualMachines/jdk1.8.0_101.jdk/Contents/Home/jre/lib/libverify.dylib
0x000000010d930000 	/Library/Java/JavaVirtualMachines/jdk1.8.0_101.jdk/Contents/Home/jre/lib/libjava.dylib
0x000000010d96d000 	/Library/Java/JavaVirtualMachines/jdk1.8.0_101.jdk/Contents/Home/jre/lib/libzip.dylib
0x000000012251b000 	/System/Library/Frameworks/JavaVM.framework/Frameworks/JavaRuntimeSupport.framework/JavaRuntimeSupport
0x0000000122536000 	/System/Library/Frameworks/JavaVM.framework/Versions/A/Frameworks/JavaNativeFoundation.framework/Versions/A/JavaNativeFoundation
0x000000010d9f2000 	/System/Library/Frameworks/JavaVM.framework/Versions/A/JavaVM
0x0000000008789000 	/System/Library/Frameworks/Carbon.framework/Versions/A/Carbon
0x000000012254b000 	/System/Library/PrivateFrameworks/JavaLaunching.framework/Versions/A/JavaLaunching
0x0000000008789000 	/System/Library/Frameworks/Carbon.framework/Versions/A/Frameworks/CommonPanels.framework/Versions/A/CommonPanels
0x0000000008789000 	/System/Library/Frameworks/Carbon.framework/Versions/A/Frameworks/Help.framework/Versions/A/Help
0x0000000008789000 	/System/Library/Frameworks/Carbon.framework/Versions/A/Frameworks/ImageCapture.framework/Versions/A/ImageCapture
0x0000000008789000 	/System/Library/Frameworks/Carbon.framework/Versions/A/Frameworks/OpenScripting.framework/Versions/A/OpenScripting
0x0000000008789000 	/System/Library/Frameworks/Carbon.framework/Versions/A/Frameworks/Print.framework/Versions/A/Print
0x0000000008789000 	/System/Library/Frameworks/Carbon.framework/Versions/A/Frameworks/SecurityHI.framework/Versions/A/SecurityHI
0x0000000123e94000 	/Library/Java/JavaVirtualMachines/jdk1.8.0_101.jdk/Contents/Home/jre/lib/libawt.dylib
0x0000000123f3c000 	/Library/Java/JavaVirtualMachines/jdk1.8.0_101.jdk/Contents/Home/jre/lib/./libmlib_image.dylib
0x0000000124008000 	/Library/Java/JavaVirtualMachines/jdk1.8.0_101.jdk/Contents/Home/jre/lib/libawt_lwawt.dylib
0x00000001240bd000 	/Library/Java/JavaVirtualMachines/jdk1.8.0_101.jdk/Contents/Home/jre/lib/./libosxapp.dylib
0x0000000008789000 	/System/Library/Frameworks/ExceptionHandling.framework/Versions/A/ExceptionHandling
0x0000000008789000 	/System/Library/PrivateFrameworks/CoreServicesInternal.framework/Versions/A/CoreServicesInternal
0x0000000008789000 	/System/Library/Frameworks/CoreGraphics.framework/Versions/A/Resources/libRIP.A.dylib
0x0000000124c48000 	/System/Library/Frameworks/Accelerate.framework/Frameworks/vImage.framework/Versions/A/Libraries/libCGInterfaces.dylib
0x0000000008789000 	/System/Library/Frameworks/CoreGraphics.framework/Versions/A/Resources/libCGXType.A.dylib
0x0000000008789000 	/System/Library/Frameworks/OpenCL.framework/Versions/A/Libraries/libcldcpuengine.dylib
0x0000000008789000 	/System/Library/PrivateFrameworks/DiskImages.framework/Versions/A/DiskImages
0x0000000008789000 	/System/Library/Frameworks/DiscRecording.framework/Versions/A/DiscRecording
0x0000000008789000 	/usr/lib/libcsfde.dylib
0x0000000008789000 	/usr/lib/libcurl.4.dylib
0x0000000008789000 	/System/Library/PrivateFrameworks/MediaKit.framework/Versions/A/MediaKit
0x0000000008789000 	/System/Library/PrivateFrameworks/ProtectedCloudStorage.framework/Versions/A/ProtectedCloudStorage
0x0000000008789000 	/usr/lib/libCoreStorage.dylib
0x0000000008789000 	/System/Library/PrivateFrameworks/EFILogin.framework/Versions/A/EFILogin
0x0000000008789000 	/usr/lib/libutil.dylib
0x0000000008789000 	/System/Library/PrivateFrameworks/FindMyDevice.framework/Versions/A/FindMyDevice
0x0000000008789000 	/System/Library/Frameworks/LDAP.framework/Versions/A/LDAP
0x0000000008789000 	/usr/lib/libsasl2.2.dylib
0x0000000008789000 	/System/Library/PrivateFrameworks/CoreDaemon.framework/Versions/B/CoreDaemon
0x0000000008789000 	/usr/lib/libcrypto.0.9.8.dylib
0x0000000008789000 	/System/Library/PrivateFrameworks/AppleSRP.framework/Versions/A/AppleSRP
0x0000000008789000 	/System/Library/PrivateFrameworks/TrustEvaluationAgent.framework/Versions/A/TrustEvaluationAgent
0x0000000125974000 	cl_kernels
0x0000000008789000 	/System/Library/Frameworks/OpenCL.framework/Versions/A/Libraries/ImageFormats/unorm8_bgra.dylib
0x0000000008789000 	/System/Library/Frameworks/OpenCL.framework/Versions/A/Libraries/ImageFormats/unorm8_rgba.dylib
0x0000000008789000 	/System/Library/PrivateFrameworks/FamilyControls.framework/Versions/A/FamilyControls
0x0000000008789000 	/System/Library/PrivateFrameworks/CommerceKit.framework/Versions/A/Frameworks/CommerceCore.framework/Versions/A/CommerceCore
0x0000000008789000 	/System/Library/PrivateFrameworks/SystemAdministration.framework/Versions/A/SystemAdministration
0x0000000008789000 	/System/Library/PrivateFrameworks/AppContainer.framework/Versions/A/AppContainer
0x0000000008789000 	/System/Library/PrivateFrameworks/SecCodeWrapper.framework/Versions/A/SecCodeWrapper
0x0000000008789000 	/System/Library/Frameworks/DirectoryService.framework/Versions/A/DirectoryService
0x0000000008789000 	/System/Library/PrivateFrameworks/LoginUIKit.framework/Versions/A/Frameworks/LoginUICore.framework/Versions/A/LoginUICore
0x0000000008789000 	/usr/lib/libodfde.dylib
0x0000000126991000 	/System/Library/Frameworks/OpenGL.framework/Resources/GLEngine.bundle/GLEngine
0x0000000008789000 	/System/Library/Frameworks/OpenGL.framework/Versions/A/Libraries/libGLProgrammability.dylib
0x0000000126b79000 	/System/Library/Extensions/AppleIntelHD5000GraphicsGLDriver.bundle/Contents/MacOS/AppleIntelHD5000GraphicsGLDriver
0x0000000008789000 	/System/Library/PrivateFrameworks/GPUSupport.framework/Versions/A/Libraries/libGPUSupportMercury.dylib
0x00000001272c8000 	/System/Library/Frameworks/OpenGL.framework/Resources//GLRendererFloat.bundle/GLRendererFloat
0x0000000127b7f000 	/Library/Java/JavaVirtualMachines/jdk1.8.0_101.jdk/Contents/Home/jre/lib/libfontmanager.dylib
0x0000000127be6000 	/Library/Java/JavaVirtualMachines/jdk1.8.0_101.jdk/Contents/Home/jre/lib/libosxui.dylib
0x0000000128632000 	/Library/Java/JavaVirtualMachines/jdk1.8.0_101.jdk/Contents/Home/jre/lib/libnet.dylib
0x0000000128691000 	/Library/Java/JavaVirtualMachines/jdk1.8.0_101.jdk/Contents/Home/jre/lib/libnio.dylib
0x00000001286a1000 	/private/var/folders/l_/t79k31mj4mx4940_qf5bp13h0000gn/T/jogamp_0000/file_cache/jln6808604098671079784/jln4304686665995137331/libgluegen-rt.jnilib
0x00000001288a5000 	/private/var/folders/l_/t79k31mj4mx4940_qf5bp13h0000gn/T/jogamp_0000/file_cache/jln6808604098671079784/jln4304686665995137331/libnativewindow_awt.jnilib
0x00000001288a9000 	/Library/Java/JavaVirtualMachines/jdk1.8.0_101.jdk/Contents/Home/jre/lib/libjawt.dylib
0x00000001288ac000 	/private/var/folders/l_/t79k31mj4mx4940_qf5bp13h0000gn/T/jogamp_0000/file_cache/jln6808604098671079784/jln4304686665995137331/libnativewindow_macosx.jnilib
0x0000000128c53000 	/private/var/folders/l_/t79k31mj4mx4940_qf5bp13h0000gn/T/jogamp_0000/file_cache/jln6808604098671079784/jln4304686665995137331/libjogl_desktop.jnilib
0x000000012a654000 	/System/Library/Extensions/AppleIntelHD5000GraphicsMTLDriver.bundle/Contents/MacOS/AppleIntelHD5000GraphicsMTLDriver

VM Arguments:
jvm_args: -Dfile.encoding=UTF-8 
java_command: PA2_spider
java_class_path (initial): /Users/Ayusha/Desktop/CS480 Computer Graphics/Programming/PA2/bin:/Users/Ayusha/Desktop/CS480 Computer Graphics/Programming/jogl-2.0/jar/gluegen-rt-natives-android-armv6.jar:/Users/Ayusha/Desktop/CS480 Computer Graphics/Programming/jogl-2.0/jar/gluegen-rt-natives-linux-amd64.jar:/Users/Ayusha/Desktop/CS480 Computer Graphics/Programming/jogl-2.0/jar/gluegen-rt-natives-linux-armv6.jar:/Users/Ayusha/Desktop/CS480 Computer Graphics/Programming/jogl-2.0/jar/gluegen-rt-natives-linux-armv6hf.jar:/Users/Ayusha/Desktop/CS480 Computer Graphics/Programming/jogl-2.0/jar/gluegen-rt-natives-linux-i586.jar:/Users/Ayusha/Desktop/CS480 Computer Graphics/Programming/jogl-2.0/jar/gluegen-rt-natives-macosx-universal.jar:/Users/Ayusha/Desktop/CS480 Computer Graphics/Programming/jogl-2.0/jar/gluegen-rt-natives-solaris-amd64.jar:/Users/Ayusha/Desktop/CS480 Computer Graphics/Programming/jogl-2.0/jar/gluegen-rt-natives-solaris-i586.jar:/Users/Ayusha/Desktop/CS480 Computer Graphics/Programming/jogl-2.0/jar/gluegen-rt-natives-windows-amd64.jar:/Users/Ayusha/Desktop/CS480 Computer Graphics/Programming/jogl-2.0/jar/gluegen-rt-natives-windows-i586.jar:/Users/Ayusha/Desktop/CS480 Computer Graphics/Programming/jogl-2.0/jar/gluegen-rt.jar:/Users/Ayusha/Desktop/CS480 Computer Graphics/Programming/jogl-2.0/jar/jogl-all-natives-android-armv6.jar:/Users/Ayusha/Desktop/CS480 Computer Graphics/Programming/jogl-2.0/jar/jogl-all-natives-linux-amd64.jar:/Users/Ayusha/Desktop/CS480 Computer Graphics/Programming/jogl-2.0/jar/jogl-all-natives-linux-armv6.jar:/Users/Ayusha/Desktop/CS480 Computer Graphics/Programming/jogl-2.0/jar/jogl-all-natives-linux-armv6hf.jar:/Users/Ayusha/Desktop/CS480 Computer Graphics/Programming/jogl-2.0/jar/jogl-all-natives-linux-i586.jar:/Users/Ayusha/Desktop/CS480 Computer Graphics/Programming/jogl-2.0/jar/jogl-all-natives-macosx-universal.jar:/Users/Ayusha/Desktop/CS480 Computer Graphics/Programming/jogl-2.0/jar/jogl-all-natives-solaris-amd64.jar:/Users/
Launcher Type: SUN_STANDARD

Environment Variables:
PATH=/usr/bin:/bin:/usr/sbin:/sbin
SHELL=/bin/bash

Signal Handlers:
SIGSEGV: [libjvm.dylib+0x5af145], sa_mask[0]=11111111011111110111111111111111, sa_flags=SA_ONSTACK|SA_RESTART|SA_SIGINFO
SIGBUS: [libjvm.dylib+0x5af145], sa_mask[0]=11111111011111110111111111111111, sa_flags=SA_RESTART|SA_SIGINFO
SIGFPE: [libjvm.dylib+0x48694c], sa_mask[0]=11111111011111110111111111111111, sa_flags=SA_RESTART|SA_SIGINFO
SIGPIPE: [libjvm.dylib+0x48694c], sa_mask[0]=11111111011111110111111111111111, sa_flags=SA_RESTART|SA_SIGINFO
SIGXFSZ: [libjvm.dylib+0x48694c], sa_mask[0]=11111111011111110111111111111111, sa_flags=SA_RESTART|SA_SIGINFO
SIGILL: [libjvm.dylib+0x48694c], sa_mask[0]=11111111011111110111111111111111, sa_flags=SA_RESTART|SA_SIGINFO
SIGUSR1: SIG_DFL, sa_mask[0]=00000000000000000000000000000000, sa_flags=none
SIGUSR2: [libjvm.dylib+0x48646a], sa_mask[0]=00100000000000000000000000000000, sa_flags=SA_RESTART|SA_SIGINFO
SIGHUP: [libjvm.dylib+0x484a41], sa_mask[0]=11111111011111110111111111111111, sa_flags=SA_RESTART|SA_SIGINFO
SIGINT: [libjvm.dylib+0x484a41], sa_mask[0]=11111111011111110111111111111111, sa_flags=SA_RESTART|SA_SIGINFO
SIGTERM: [libjvm.dylib+0x484a41], sa_mask[0]=11111111011111110111111111111111, sa_flags=SA_RESTART|SA_SIGINFO
SIGQUIT: [libjvm.dylib+0x484a41], sa_mask[0]=11111111011111110111111111111111, sa_flags=SA_RESTART|SA_SIGINFO


---------------  S Y S T E M  ---------------

OS:Bsduname:Darwin 15.6.0 Darwin Kernel Version 15.6.0: Thu Jun 23 18:25:34 PDT 2016; root:xnu-3248.60.10~1/RELEASE_X86_64 x86_64
rlimit: STACK 8192k, CORE 0k, NPROC 709, NOFILE 10240, AS infinity
load average:16.33 8.12 6.15

CPU:total 4 (2 cores per cpu, 2 threads per core) family 6 model 69 stepping 1, cmov, cx8, fxsr, mmx, sse, sse2, sse3, ssse3, sse4.1, sse4.2, popcnt, avx, avx2, aes, clmul, erms, lzcnt, ht, tsc, tscinvbit, bmi1, bmi2

Memory: 4k page, physical 4194304k(269636k free)

/proc/meminfo:


vm_info: Java HotSpot(TM) 64-Bit Server VM (25.101-b13) for bsd-amd64 JRE (1.8.0_101-b13), built on Jun 22 2016 02:42:15 by "java_re" with gcc 4.2.1 (Based on Apple Inc. build 5658) (LLVM build 2336.11.00)

time: Fri Oct 14 01:24:34 2016
elapsed time: 102 seconds (0d 0h 1m 42s)

